-------------------------------------------------------------------------------
Test set: PruebaQueryTest
-------------------------------------------------------------------------------
Tests run: 1, Failures: 0, Errors: 1, Skipped: 0, Time elapsed: 0.101 s <<< FAILURE! - in PruebaQueryTest
c_pruebaBD  Time elapsed: 0.099 s  <<< ERROR!
java.lang.ClassNotFoundException: oracle.jdbc.driver.OracleDriver
	at PruebaQueryTest.c_pruebaBD(PruebaQueryTest.java:15)

